app/build/outputs/logs/manifest-merger-debug-report.txt
-- Merging decision tree log ---
manifest
ADDED from src/main/AndroidManifest.xml:2:1-50:12
	package
		ADDED from src/main/AndroidManifest.xml:3:5-36
		INJECTED from src/main/AndroidManifest.xml
		INJECTED from src/main/AndroidManifest.xml
	android:versionName
		ADDED from src/main/AndroidManifest.xml:5:5-30
		INJECTED from src/main/AndroidManifest.xml
		INJECTED from src/main/AndroidManifest.xml
	android:versionCode
		ADDED from src/main/AndroidManifest.xml:4:5-28
		INJECTED from src/main/AndroidManifest.xml
		INJECTED from src/main/AndroidManifest.xml
	xmlns:android
		ADDED from src/main/AndroidManifest.xml:2:11-69
uses-feature#android.hardware.usb.host
ADDED from src/main/AndroidManifest.xml:7:3-60
	android:name
		ADDED from src/main/AndroidManifest.xml:7:17-57
uses-sdk
ADDED from src/main/AndroidManifest.xml:9:5-10:38
	android:targetSdkVersion
		INJECTED from src/main/AndroidManifest.xml
		INJECTED from src/main/AndroidManifest.xml
	android:minSdkVersion
		ADDED from src/main/AndroidManifest.xml:10:9-35
		INJECTED from src/main/AndroidManifest.xml
		INJECTED from src/main/AndroidManifest.xml
application
ADDED from src/main/AndroidManifest.xml:13:5-47:19
	android:screenOrientation
		ADDED from src/main/AndroidManifest.xml:17:9-45
	android:label
		ADDED from src/main/AndroidManifest.xml:15:9-41
	android:icon
		ADDED from src/main/AndroidManifest.xml:14:9-45
activity#com.iritech.iddk.demo.IriShieldDemo
ADDED from src/main/AndroidManifest.xml:18:9-34:20
	android:screenOrientation
		ADDED from src/main/AndroidManifest.xml:22:13-49
	android:label
		ADDED from src/main/AndroidManifest.xml:20:13-45
	android:launchMode
		ADDED from src/main/AndroidManifest.xml:23:13-44
	android:icon
		ADDED from src/main/AndroidManifest.xml:21:13-49
	android:name
		ADDED from src/main/AndroidManifest.xml:19:13-63
intent-filter#android.intent.action.MAIN+android.intent.category.LAUNCHER
ADDED from src/main/AndroidManifest.xml:24:13-27:29
action#android.intent.action.MAIN
ADDED from src/main/AndroidManifest.xml:25:17-69
	android:name
		ADDED from src/main/AndroidManifest.xml:25:25-66
category#android.intent.category.LAUNCHER
ADDED from src/main/AndroidManifest.xml:26:17-77
	android:name
		ADDED from src/main/AndroidManifest.xml:26:27-74
intent-filter#android.hardware.usb.action.USB_DEVICE_ATTACHED
ADDED from src/main/AndroidManifest.xml:28:13-30:20
action#android.hardware.usb.action.USB_DEVICE_ATTACHED
ADDED from src/main/AndroidManifest.xml:29:8-81
	android:name
		ADDED from src/main/AndroidManifest.xml:29:16-78
meta-data#android.hardware.usb.action.USB_DEVICE_ATTACHED
ADDED from src/main/AndroidManifest.xml:32:4-33:44
	android:resource
		ADDED from src/main/AndroidManifest.xml:33:5-42
	android:name
		ADDED from src/main/AndroidManifest.xml:32:15-77
activity#com.iritech.iddk.demo.PreferencesActivity
ADDED from src/main/AndroidManifest.xml:35:9-37:14
	android:label
		ADDED from src/main/AndroidManifest.xml:36:4-42
	android:name
		ADDED from src/main/AndroidManifest.xml:35:19-54
activity#com.iritech.iddk.demo.CaptureActivity
ADDED from src/main/AndroidManifest.xml:38:3-40:14
	android:label
		ADDED from src/main/AndroidManifest.xml:39:4-42
	android:name
		ADDED from src/main/AndroidManifest.xml:38:13-44
activity#com.iritech.iddk.demo.RegistrationActivity
ADDED from src/main/AndroidManifest.xml:41:3-43:14
	android:label
		ADDED from src/main/AndroidManifest.xml:42:4-42
	android:name
		ADDED from src/main/AndroidManifest.xml:41:13-49
activity#com.iritech.iddk.demo.MatchingActivity
ADDED from src/main/AndroidManifest.xml:44:3-46:14
	android:label
		ADDED from src/main/AndroidManifest.xml:45:4-42
	android:name
		ADDED from src/main/AndroidManifest.xml:44:13-45
uses-permission#android.permission.WRITE_EXTERNAL_STORAGE
ADDED from src/main/AndroidManifest.xml:48:5-81
	android:name
		ADDED from src/main/AndroidManifest.xml:48:22-78
uses-permission#android.permission.WAKE_LOCK
ADDED from src/main/AndroidManifest.xml:49:5-68
	android:name
		ADDED from src/main/AndroidManifest.xml:49:22-65